ANVIL_AUTOMAKE_VERS: {2.0.0}$
ANVIL_BIN: {hello_world}$
ANVIL_MAKE_VERS: {0.3.0}$
ANVIL_SOURCE: {hello_world.c}$
ANVIL_TESTDIR: {kazoj}$
ANVIL_GIT_VERSION: {1.7.4}$
ANVIL_GIT_VERSION: {1.6.11}$
ANVIL_GIT_VERSION: {1.6.9}$
ANVIL_GIT_VERSION: {1.0.0}$
ANVIL_GIT_VERSION: {1.6.12}$
ANVIL_GIT_VERSION: {1.5.2}$
ANVIL_GIT_VERSION: {1.3.0}$
ANVIL_GIT_VERSION: {1.4.9}$
ANVIL_GIT_VERSION: {1.3.1}$
ANVIL_GIT_VERSION: {1.6.0}$
ANVIL_GIT_VERSION: {1.3.2}$
ANVIL_GIT_VERSION: {1.1.0}$
ANVIL_BASE_VERSION: {?0.1.0}$
ANVIL_GIT_VERSION: {1.6.2}$
ANVIL_BASE_VERSION: {?0.9.0}$
ANVIL_GIT_VERSION: {1.6.3}$
ANVIL_GIT_VERSION: {1.1.2}$
ANVIL_GIT_VERSION: {1.6.4}$
ANVIL_GIT_VERSION: {1.7.0}$
ANVIL_GIT_VERSION: {1.6.5}$
ANVIL_GIT_VERSION: {1.4.8-b}$
ANVIL_GIT_VERSION: {1.6.6}$
ANVIL_GIT_VERSION: {1.2.0}$
ANVIL_GIT_VERSION: {1.7.2}$
ANVIL_GIT_VERSION: {1.7.3}$
ANVIL_GIT_VERSION: {1.6.10}$
ANVIL_GIT_VERSION: {1.6.8}$
