[LINT]    Invalid line:    $hey = you 
[LINT]    Invalid line:    hi/ = err 
[LINT]    Invalid line:    \mine = evl 
[LINT]    Invalid line:    - "# error4"
[LINT]    Invalid line:    hey "# error5"
[LINT]    Invalid line:    hash#tag = "# error6"
[LINT]    Invalid line:    under_score = 1 
[LINT]    Invalid line:    "1_foo" = ba 
[LINT]    Invalid line:    {} 
[LINT]    Invalid line:    #unclosed-curly = "this" 
[LINT]    Invalid line:    yoink {$} 
[LINT]    Invalid line:    -               =              farvalue 
[LINT]    Invalid line:    100 =     str 
[LINT]    Invalid line:    val = "myval#" 
[LINT]    Invalid line:    "val" = "myval#" 
[LINT]    Invalid line:    - 
[LINT]    Invalid line:    test 
[LINT]    Invalid line:    " = try 
[LINT]    Invalid line:    [ NO SPACES_ALLOWED ]
[LINT]    Invalid line:    [-NO-DASHES]
[LINT]    Invalid line:    [-NOCAPS]
[LINT]    Invalid line:    no[way]man
[LINT]    Invalid line:    no  =  "[way] man"
[LINT]    Invalid line:    [oh[no]]
[LINT]    Invalid line:    [oh]=no
[LINT]    Invalid line:    [oh=man]
[LEX]    Errors while lexing.
