^[[1;33m[AMBOSO-MODE]    Running in test mode.^[[0m$
^[[1;33m[DEBUG]    No -D flag, using ( /home/juggernaut/amboso/bin/ ) for target dir. Run with -V to see more.^[[0m$
^[[1;33m[TEST]    Skip test good_vers.stderr (at kazoj/bone/good_vers.stderr), not an executable file.^[[0m$
^[[1;33m[TEST]    Skip test good_vers.stdout (at kazoj/bone/good_vers.stdout), not an executable file.^[[0m$
^[[1;33m[TEST]    Skip test vershw.stderr (at kazoj/bone/vershw.stderr), not an executable file.^[[0m$
^[[1;33m[TEST]    Skip test vershw.stdout (at kazoj/bone/vershw.stdout), not an executable file.^[[0m$
^[[1;33m[TEST]    Skip errtest bad_vers.stderr (at kazoj/kulpo/bad_vers.stderr), not an executable file.^[[0m$
^[[1;33m[TEST]    Skip errtest bad_vers.stdout (at kazoj/kulpo/bad_vers.stdout), not an executable file.^[[0m$
^[[1;33m[TEST]    Skip errtest manyflags.stderr (at kazoj/kulpo/manyflags.stderr), not an executable file.^[[0m$
^[[1;33m[TEST]    Skip errtest manyflags.stdout (at kazoj/kulpo/manyflags.stdout), not an executable file.^[[0m$
^[[1;33m[DEBUG]    No -K flag, using ( kazoj ) for target dir. Run with -V to see more.^[[0m$
^[[1;33m[TEST]    Skip test good_vers.stderr (at kazoj/bone/good_vers.stderr), not an executable file.^[[0m$
^[[1;33m[TEST]    Skip test good_vers.stdout (at kazoj/bone/good_vers.stdout), not an executable file.^[[0m$
^[[1;33m[TEST]    Skip test vershw.stderr (at kazoj/bone/vershw.stderr), not an executable file.^[[0m$
^[[1;33m[TEST]    Skip test vershw.stdout (at kazoj/bone/vershw.stdout), not an executable file.^[[0m$
^[[1;33m[TEST]    Skip errtest bad_vers.stderr (at kazoj/kulpo/bad_vers.stderr), not an executable file.^[[0m$
^[[1;33m[TEST]    Skip errtest bad_vers.stdout (at kazoj/kulpo/bad_vers.stdout), not an executable file.^[[0m$
^[[1;33m[TEST]    Skip errtest manyflags.stderr (at kazoj/kulpo/manyflags.stderr), not an executable file.^[[0m$
^[[1;33m[TEST]    Skip errtest manyflags.stdout (at kazoj/kulpo/manyflags.stdout), not an executable file.^[[0m$
^[[1;33m[DEBUG]    No -F flag, reading stego.lock for target makefile support version.^[[0m$
^[[1;33m[DEBUG]    No -E flag, reading stego.lock for target bin.^[[0m$
^[[1;33m[DEBUG]    No -S flag, reading stego.lock for target sourcename.^[[0m$
^[[0;32m[INFO]    Using target dir: ( /home/juggernaut/amboso/bin/ ).^[[0m$
^[[0;32m[INFO]    Using target bin: ( hello_world ).^[[0m$
^[[0;32m[INFO]    Using source file name: ( hello_world.c ).^[[0m$
^[[0;32m[INFO]    Using tag for make support: ( 0.3.0 ) as first tag compiled with make.^[[0m$
^[[0;32m[INFO]    Using tests dir: ( kazoj ).^[[0m$
^[[0;35m[TEST]    [-i]^[[0m    Will record all tests.$
^[[0;35m[TEST]    [-b]^[[0m    Will record test query.$
^[[0;35m[TEST]    Checking if query 0.1.0 is a testcase.^[[0m$
^[[0;35m[TEST]    Checking if query 0.1.0 is a error testcase.^[[0m$
^[[0;35m[TEST]    Checking error case (0/2): bad_vers^[[0m$
^[[0;35m[TEST]    Checking error case (1/2): manyflags^[[0m$
^[[1;33m[TEST]    ( 0.1.0 ) is not a supported tag, we quit at this point. [INIT].^[[0m$
